{
  "stats": {
    "suites": 1,
    "tests": 3,
    "passes": 3,
    "pending": 0,
    "failures": 0,
    "start": "2022-11-29T22:52:57.950Z",
    "end": "2022-11-29T22:52:58.089Z",
    "duration": 139,
    "testsRegistered": 3,
    "passPercent": 100,
    "pendingPercent": 0,
    "other": 0,
    "hasOther": false,
    "skipped": 0,
    "hasSkipped": false
  },
  "results": [
    {
      "uuid": "3eb2660a-fb63-494b-a73f-2b53feb7da05",
      "title": "",
      "fullFile": "cypress/integration/readwritefile.spec.ts",
      "file": "cypress/integration/readwritefile.spec.ts",
      "beforeHooks": [],
      "afterHooks": [],
      "tests": [],
      "suites": [
        {
          "uuid": "8b7acd76-bb74-44ea-a881-61a45d2d56d9",
          "title": "read write file test",
          "fullFile": "",
          "file": "",
          "beforeHooks": [],
          "afterHooks": [],
          "tests": [
            {
              "title": "read file using fixture",
              "fullTitle": "read write file test read file using fixture",
              "timedOut": null,
              "duration": 47,
              "state": "passed",
              "speed": "fast",
              "pass": true,
              "fail": false,
              "pending": false,
              "context": null,
              "code": "cy.fixture('example.json')\n    .its('name').should('eq', 'Using fixtures to represent data');\ncy.log(this.data.name);\ncy.log(this.data.email);",
              "err": {},
              "uuid": "63810764-b355-4ca2-8ca2-f74d93e8ab71",
              "parentUUID": "8b7acd76-bb74-44ea-a881-61a45d2d56d9",
              "isHook": false,
              "skipped": false
            },
            {
              "title": "readfile",
              "fullTitle": "read write file test readfile",
              "timedOut": null,
              "duration": 40,
              "state": "passed",
              "speed": "fast",
              "pass": true,
              "fail": false,
              "pending": false,
              "context": null,
              "code": "cy.readFile('./cypress/fixtures/example.json')\n    .its('name').should('eq', 'Using fixtures to represent data');",
              "err": {},
              "uuid": "ec6a6cf9-dbe9-4016-b7a8-b5e99362e568",
              "parentUUID": "8b7acd76-bb74-44ea-a881-61a45d2d56d9",
              "isHook": false,
              "skipped": false
            },
            {
              "title": "writefile",
              "fullTitle": "read write file test writefile",
              "timedOut": null,
              "duration": 26,
              "state": "passed",
              "speed": "fast",
              "pass": true,
              "fail": false,
              "pending": false,
              "context": null,
              "code": "cy.writeFile('sample.txt', 'Hello we are learning cypress');\ncy.writeFile('sample.txt', 'Hello we are learning cypress today');\ncy.writeFile('sample.txt', '\\nMy Name is preethi', { flag: 'a+' });\ncy.readFile('sample.txt').should('contain', 'cypress');",
              "err": {},
              "uuid": "6b3fbf5a-eb53-4e17-9551-5156a2212c4f",
              "parentUUID": "8b7acd76-bb74-44ea-a881-61a45d2d56d9",
              "isHook": false,
              "skipped": false
            }
          ],
          "suites": [],
          "passes": [
            "63810764-b355-4ca2-8ca2-f74d93e8ab71",
            "ec6a6cf9-dbe9-4016-b7a8-b5e99362e568",
            "6b3fbf5a-eb53-4e17-9551-5156a2212c4f"
          ],
          "failures": [],
          "pending": [],
          "skipped": [],
          "duration": 113,
          "root": false,
          "rootEmpty": false,
          "_timeout": 2000
        }
      ],
      "passes": [],
      "failures": [],
      "pending": [],
      "skipped": [],
      "duration": 0,
      "root": true,
      "rootEmpty": true,
      "_timeout": 2000
    }
  ],
  "meta": {
    "mocha": {
      "version": "7.0.1"
    },
    "mochawesome": {
      "options": {
        "quiet": false,
        "reportFilename": "mochawesome",
        "saveHtml": false,
        "saveJson": true,
        "consoleReporter": "spec",
        "useInlineDiffs": false,
        "code": true
      },
      "version": "7.1.3"
    },
    "marge": {
      "options": {
        "charts": true,
        "overwrite": false,
        "html": false,
        "json": true,
        "reportDir": "cypress/reports"
      },
      "version": "6.2.0"
    }
  }
}