{
  "stats": {
    "suites": 1,
    "tests": 3,
    "passes": 3,
    "pending": 0,
    "failures": 0,
    "start": "2022-11-29T22:52:40.521Z",
    "end": "2022-11-29T22:52:45.559Z",
    "duration": 5038,
    "testsRegistered": 3,
    "passPercent": 100,
    "pendingPercent": 0,
    "other": 0,
    "hasOther": false,
    "skipped": 0,
    "hasSkipped": false
  },
  "results": [
    {
      "uuid": "60d26704-6091-4f62-86d2-561180440353",
      "title": "",
      "fullFile": "cypress/integration/login.ts",
      "file": "cypress/integration/login.ts",
      "beforeHooks": [],
      "afterHooks": [],
      "tests": [],
      "suites": [
        {
          "uuid": "5ee7283b-44e6-4a56-a5e9-905f1cedb99b",
          "title": "all Login test",
          "fullFile": "",
          "file": "",
          "beforeHooks": [],
          "afterHooks": [],
          "tests": [
            {
              "title": "pomtest",
              "fullTitle": "all Login test pomtest",
              "timedOut": null,
              "duration": 1771,
              "state": "passed",
              "speed": "fast",
              "pass": true,
              "fail": false,
              "pending": false,
              "context": null,
              "code": "loginpage.Navigate('https://trytestingthis.netlify.app/');\nloginpage.EnterUserName('test');\nloginpage.EnterPassword('test');\nloginpage.ClickLoginButton();\ncy.get('h2');\ncy.contains('here').click();",
              "err": {},
              "uuid": "e45a6ca0-9734-4b74-ae23-f419a577c781",
              "parentUUID": "5ee7283b-44e6-4a56-a5e9-905f1cedb99b",
              "isHook": false,
              "skipped": false
            },
            {
              "title": "invalidusername",
              "fullTitle": "all Login test invalidusername",
              "timedOut": null,
              "duration": 882,
              "state": "passed",
              "speed": "fast",
              "pass": true,
              "fail": false,
              "pending": false,
              "context": null,
              "code": "loginpage.EnterUserName('fbgrhjbgrhgb');\nloginpage.EnterPassword('test');\nloginpage.ClickLoginButton();\ncy.on('window:alert', (txt) => {\n    expect(txt).to.be.equal('Wrong Credentials! Try again!');\n});",
              "err": {},
              "uuid": "3c1e7ff8-09c9-4fee-a276-74343f76c6b2",
              "parentUUID": "5ee7283b-44e6-4a56-a5e9-905f1cedb99b",
              "isHook": false,
              "skipped": false
            },
            {
              "title": "invalidPassword",
              "fullTitle": "all Login test invalidPassword",
              "timedOut": null,
              "duration": 1005,
              "state": "passed",
              "speed": "fast",
              "pass": true,
              "fail": false,
              "pending": false,
              "context": null,
              "code": "loginpage.Navigate('https://trytestingthis.netlify.app/');\nloginpage.EnterUserName('test');\nloginpage.EnterPassword('hshbghjsdbg');\nloginpage.ClickLoginButton();\ncy.on('window:alert', (txt) => {\n    expect(txt).to.be.equal('Wrong Credentials! Try again!');\n});",
              "err": {},
              "uuid": "cccc1d69-44ff-486d-83f4-8c24e815f169",
              "parentUUID": "5ee7283b-44e6-4a56-a5e9-905f1cedb99b",
              "isHook": false,
              "skipped": false
            }
          ],
          "suites": [],
          "passes": [
            "e45a6ca0-9734-4b74-ae23-f419a577c781",
            "3c1e7ff8-09c9-4fee-a276-74343f76c6b2",
            "cccc1d69-44ff-486d-83f4-8c24e815f169"
          ],
          "failures": [],
          "pending": [],
          "skipped": [],
          "duration": 3658,
          "root": false,
          "rootEmpty": false,
          "_timeout": 2000
        }
      ],
      "passes": [],
      "failures": [],
      "pending": [],
      "skipped": [],
      "duration": 0,
      "root": true,
      "rootEmpty": true,
      "_timeout": 2000
    }
  ],
  "meta": {
    "mocha": {
      "version": "7.0.1"
    },
    "mochawesome": {
      "options": {
        "quiet": false,
        "reportFilename": "mochawesome",
        "saveHtml": false,
        "saveJson": true,
        "consoleReporter": "spec",
        "useInlineDiffs": false,
        "code": true
      },
      "version": "7.1.3"
    },
    "marge": {
      "options": {
        "charts": true,
        "overwrite": false,
        "html": false,
        "json": true,
        "reportDir": "cypress/reports"
      },
      "version": "6.2.0"
    }
  }
}