{
  "stats": {
    "suites": 0,
    "tests": 1,
    "passes": 1,
    "pending": 0,
    "failures": 0,
    "start": "2022-11-29T22:30:18.622Z",
    "end": "2022-11-29T22:30:20.802Z",
    "duration": 2180,
    "testsRegistered": 1,
    "passPercent": 100,
    "pendingPercent": 0,
    "other": 0,
    "hasOther": false,
    "skipped": 0,
    "hasSkipped": false
  },
  "results": [
    {
      "uuid": "f7018fb4-2c95-4f3f-8e30-4fbdf6c23b60",
      "title": "",
      "fullFile": "cypress/integration/newtst.ts",
      "file": "cypress/integration/newtst.ts",
      "beforeHooks": [],
      "afterHooks": [],
      "tests": [
        {
          "title": "assertion",
          "fullTitle": "assertion",
          "timedOut": null,
          "duration": 864,
          "state": "passed",
          "speed": "fast",
          "pass": true,
          "fail": false,
          "pending": false,
          "context": null,
          "code": "cy.visit('https://example.cypress.io/');\ncy.contains('get').click();\ncy.get('#query-btn')\n    .should('contain', 'Button')\n    .should('have.class', 'query-btn btn btn-primary')\n    .should('be.enabled')\n    .should('be.visible');\ncy.get('#query-btn').invoke('attr', 'id')\n    .should('equal', 'query-btn');\ncy.get('#query-btn')\n    .should('contain', 'Button')\n    .and('have.class', 'query-btn btn btn-primary');\nexpect(true).to.be.true;\nassert.equal(4, 4, 'Not equal');\nassert.strictEqual(4, 4, 'Not equal');",
          "err": {},
          "uuid": "e1a9d1d6-49d6-475c-b2e5-7464fc8da75f",
          "parentUUID": "f7018fb4-2c95-4f3f-8e30-4fbdf6c23b60",
          "isHook": false,
          "skipped": false
        }
      ],
      "suites": [],
      "passes": [
        "e1a9d1d6-49d6-475c-b2e5-7464fc8da75f"
      ],
      "failures": [],
      "pending": [],
      "skipped": [],
      "duration": 864,
      "root": true,
      "rootEmpty": false,
      "_timeout": 2000
    }
  ],
  "meta": {
    "mocha": {
      "version": "7.0.1"
    },
    "mochawesome": {
      "options": {
        "quiet": false,
        "reportFilename": "mochawesome",
        "saveHtml": false,
        "saveJson": true,
        "consoleReporter": "spec",
        "useInlineDiffs": false,
        "code": true
      },
      "version": "7.1.3"
    },
    "marge": {
      "options": {
        "charts": true,
        "overwrite": false,
        "html": false,
        "json": true,
        "reportDir": "cypress/reports"
      },
      "version": "6.2.0"
    }
  }
}