{
  "stats": {
    "suites": 0,
    "tests": 1,
    "passes": 1,
    "pending": 0,
    "failures": 0,
    "start": "2022-11-29T22:57:32.615Z",
    "end": "2022-11-29T22:57:50.414Z",
    "duration": 17799,
    "testsRegistered": 1,
    "passPercent": 100,
    "pendingPercent": 0,
    "other": 0,
    "hasOther": false,
    "skipped": 0,
    "hasSkipped": false
  },
  "results": [
    {
      "uuid": "375d6cc2-9c9c-402e-9653-379f7c621b68",
      "title": "",
      "fullFile": "cypress/integration/firstest.ts",
      "file": "cypress/integration/firstest.ts",
      "beforeHooks": [],
      "afterHooks": [],
      "tests": [
        {
          "title": "first typetest",
          "fullTitle": "first typetest",
          "timedOut": null,
          "duration": 16280,
          "state": "passed",
          "speed": "slow",
          "pass": true,
          "fail": false,
          "pending": false,
          "context": null,
          "code": "cy.visit('https://google.com'),\n    cy.get('[name =\"q\"]')\n        .type('Automation Step by step')\n        .type('{enter}');",
          "err": {},
          "uuid": "c3b8e159-5bd2-4125-8bcd-68dfeae3a24f",
          "parentUUID": "375d6cc2-9c9c-402e-9653-379f7c621b68",
          "isHook": false,
          "skipped": false
        }
      ],
      "suites": [],
      "passes": [
        "c3b8e159-5bd2-4125-8bcd-68dfeae3a24f"
      ],
      "failures": [],
      "pending": [],
      "skipped": [],
      "duration": 16280,
      "root": true,
      "rootEmpty": false,
      "_timeout": 2000
    }
  ],
  "meta": {
    "mocha": {
      "version": "7.0.1"
    },
    "mochawesome": {
      "options": {
        "quiet": false,
        "reportFilename": "mochawesome",
        "saveHtml": false,
        "saveJson": true,
        "consoleReporter": "spec",
        "useInlineDiffs": false,
        "code": true
      },
      "version": "7.1.3"
    },
    "marge": {
      "options": {
        "charts": true,
        "overwrite": false,
        "html": false,
        "json": true,
        "reportDir": "cypress/reports"
      },
      "version": "6.2.0"
    }
  }
}