{
  "stats": {
    "suites": 0,
    "tests": 1,
    "passes": 1,
    "pending": 0,
    "failures": 0,
    "start": "2022-11-29T22:29:51.335Z",
    "end": "2022-11-29T22:30:05.556Z",
    "duration": 14221,
    "testsRegistered": 1,
    "passPercent": 100,
    "pendingPercent": 0,
    "other": 0,
    "hasOther": false,
    "skipped": 0,
    "hasSkipped": false
  },
  "results": [
    {
      "uuid": "06cb7efb-c31b-42b0-a51b-91b3818a3284",
      "title": "",
      "fullFile": "cypress/integration/firstest.ts",
      "file": "cypress/integration/firstest.ts",
      "beforeHooks": [],
      "afterHooks": [],
      "tests": [
        {
          "title": "first typetest",
          "fullTitle": "first typetest",
          "timedOut": null,
          "duration": 12819,
          "state": "passed",
          "speed": "slow",
          "pass": true,
          "fail": false,
          "pending": false,
          "context": null,
          "code": "cy.visit('https://google.com'),\n    cy.get('[name =\"q\"]')\n        .type('Automation Step by step')\n        .type('{enter}');",
          "err": {},
          "uuid": "2f184618-1354-4ff3-8633-b79413948f17",
          "parentUUID": "06cb7efb-c31b-42b0-a51b-91b3818a3284",
          "isHook": false,
          "skipped": false
        }
      ],
      "suites": [],
      "passes": [
        "2f184618-1354-4ff3-8633-b79413948f17"
      ],
      "failures": [],
      "pending": [],
      "skipped": [],
      "duration": 12819,
      "root": true,
      "rootEmpty": false,
      "_timeout": 2000
    }
  ],
  "meta": {
    "mocha": {
      "version": "7.0.1"
    },
    "mochawesome": {
      "options": {
        "quiet": false,
        "reportFilename": "mochawesome",
        "saveHtml": false,
        "saveJson": true,
        "consoleReporter": "spec",
        "useInlineDiffs": false,
        "code": true
      },
      "version": "7.1.3"
    },
    "marge": {
      "options": {
        "charts": true,
        "overwrite": false,
        "html": false,
        "json": true,
        "reportDir": "cypress/reports"
      },
      "version": "6.2.0"
    }
  }
}