{
  "stats": {
    "suites": 1,
    "tests": 3,
    "passes": 3,
    "pending": 0,
    "failures": 0,
    "start": "2022-11-29T22:58:15.624Z",
    "end": "2022-11-29T22:58:15.748Z",
    "duration": 124,
    "testsRegistered": 3,
    "passPercent": 100,
    "pendingPercent": 0,
    "other": 0,
    "hasOther": false,
    "skipped": 0,
    "hasSkipped": false
  },
  "results": [
    {
      "uuid": "a88e8ab8-2c56-46da-aa0a-6fad4c89ac38",
      "title": "",
      "fullFile": "cypress/integration/readwritefile.spec.ts",
      "file": "cypress/integration/readwritefile.spec.ts",
      "beforeHooks": [],
      "afterHooks": [],
      "tests": [],
      "suites": [
        {
          "uuid": "278515c8-697d-455c-8d33-82ee06f70af1",
          "title": "read write file test",
          "fullFile": "",
          "file": "",
          "beforeHooks": [],
          "afterHooks": [],
          "tests": [
            {
              "title": "read file using fixture",
              "fullTitle": "read write file test read file using fixture",
              "timedOut": null,
              "duration": 44,
              "state": "passed",
              "speed": "fast",
              "pass": true,
              "fail": false,
              "pending": false,
              "context": null,
              "code": "cy.fixture('example.json')\n    .its('name').should('eq', 'Using fixtures to represent data');\ncy.log(this.data.name);\ncy.log(this.data.email);",
              "err": {},
              "uuid": "165033a1-718a-4906-86ac-81e14a5f7327",
              "parentUUID": "278515c8-697d-455c-8d33-82ee06f70af1",
              "isHook": false,
              "skipped": false
            },
            {
              "title": "readfile",
              "fullTitle": "read write file test readfile",
              "timedOut": null,
              "duration": 31,
              "state": "passed",
              "speed": "fast",
              "pass": true,
              "fail": false,
              "pending": false,
              "context": null,
              "code": "cy.readFile('./cypress/fixtures/example.json')\n    .its('name').should('eq', 'Using fixtures to represent data');",
              "err": {},
              "uuid": "a9aca48c-7d77-471c-b20d-614b03a73166",
              "parentUUID": "278515c8-697d-455c-8d33-82ee06f70af1",
              "isHook": false,
              "skipped": false
            },
            {
              "title": "writefile",
              "fullTitle": "read write file test writefile",
              "timedOut": null,
              "duration": 29,
              "state": "passed",
              "speed": "fast",
              "pass": true,
              "fail": false,
              "pending": false,
              "context": null,
              "code": "cy.writeFile('sample.txt', 'Hello we are learning cypress');\ncy.writeFile('sample.txt', 'Hello we are learning cypress today');\ncy.writeFile('sample.txt', '\\nMy Name is preethi', { flag: 'a+' });\ncy.readFile('sample.txt').should('contain', 'cypress');",
              "err": {},
              "uuid": "c24f8b14-1438-4376-aa5e-7e7d0c1f0326",
              "parentUUID": "278515c8-697d-455c-8d33-82ee06f70af1",
              "isHook": false,
              "skipped": false
            }
          ],
          "suites": [],
          "passes": [
            "165033a1-718a-4906-86ac-81e14a5f7327",
            "a9aca48c-7d77-471c-b20d-614b03a73166",
            "c24f8b14-1438-4376-aa5e-7e7d0c1f0326"
          ],
          "failures": [],
          "pending": [],
          "skipped": [],
          "duration": 104,
          "root": false,
          "rootEmpty": false,
          "_timeout": 2000
        }
      ],
      "passes": [],
      "failures": [],
      "pending": [],
      "skipped": [],
      "duration": 0,
      "root": true,
      "rootEmpty": true,
      "_timeout": 2000
    }
  ],
  "meta": {
    "mocha": {
      "version": "7.0.1"
    },
    "mochawesome": {
      "options": {
        "quiet": false,
        "reportFilename": "mochawesome",
        "saveHtml": false,
        "saveJson": true,
        "consoleReporter": "spec",
        "useInlineDiffs": false,
        "code": true
      },
      "version": "7.1.3"
    },
    "marge": {
      "options": {
        "charts": true,
        "overwrite": false,
        "html": false,
        "json": true,
        "reportDir": "cypress/reports"
      },
      "version": "6.2.0"
    }
  }
}